<?xml version="1.0" encoding="UTF-8"?>
<testsuite xmlns:xsi="http://www.w3.org/2001/XMLSchema-instance" xsi:noNamespaceSchemaLocation="https://maven.apache.org/surefire/maven-surefire-plugin/xsd/surefire-test-report-3.0.xsd" version="3.0" name="com.MBE.MonitorandoBackendApplicationTests" time="10.815" tests="1" errors="0" skipped="0" failures="0">
  <properties>
[...]
</properties>
  <testcase name="contextLoads" classname="com.MBE.MonitorandoBackendApplicationTests" time="0.704">
    <system-out><![CDATA[18:50:33.808 [main] INFO org.springframework.test.context.support.AnnotationConfigContextLoaderUtils -- Could not detect default configuration classes for test class [com.MBE.MonitorandoBackendApplicationTests]: MonitorandoBackendApplicationTests does not declare any static, non-private, non-final, nested classes annotated with @Configuration.
18:50:33.957 [main] INFO org.springframework.boot.test.context.SpringBootTestContextBootstrapper -- Found @SpringBootConfiguration com.MBE.MonitorandoBackendApplication for test class com.MBE.MonitorandoBackendApplicationTests
18:50:34.237 [main] INFO org.springframework.boot.devtools.restart.RestartApplicationListener -- Restart disabled due to context in which it is running

  .   ____          _            __ _ _
 /\\ / ___'_ __ _ _(_)_ __  __ _ \ \ \ \
( ( )\___ | '_ | '_| | '_ \/ _` | \ \ \ \
 \\/  ___)| |_)| | | | | || (_| |  ) ) ) )
  '  |____| .__|_| |_|_| |_\__, | / / / /
 =========|_|==============|___/=/_/_/_/
 :: Spring Boot ::                (v3.2.1)

2024-01-26T18:50:34.546-03:00  INFO 51880 --- [           main] c.M.MonitorandoBackendApplicationTests   : Starting MonitorandoBackendApplicationTests using Java 17.0.9 with PID 51880 (started by kauaa in C:\Users\kauaa\OneDrive\Área de Trabalho\GitHub-Squad\monitorando-backend)
2024-01-26T18:50:34.547-03:00  INFO 51880 --- [           main] c.M.MonitorandoBackendApplicationTests   : No active profile set, falling back to 1 default profile: "default"
2024-01-26T18:50:37.367-03:00  INFO 51880 --- [           main] .s.d.r.c.RepositoryConfigurationDelegate : Bootstrapping Spring Data JPA repositories in DEFAULT mode.
2024-01-26T18:50:37.452-03:00  INFO 51880 --- [           main] .s.d.r.c.RepositoryConfigurationDelegate : Finished Spring Data repository scanning in 73 ms. Found 4 JPA repository interfaces.
2024-01-26T18:50:38.058-03:00  INFO 51880 --- [           main] o.hibernate.jpa.internal.util.LogHelper  : HHH000204: Processing PersistenceUnitInfo [name: default]
2024-01-26T18:50:38.151-03:00  INFO 51880 --- [           main] org.hibernate.Version                    : HHH000412: Hibernate ORM core version 6.4.1.Final
2024-01-26T18:50:38.207-03:00  INFO 51880 --- [           main] o.h.c.internal.RegionFactoryInitiator    : HHH000026: Second-level cache disabled
2024-01-26T18:50:38.655-03:00  INFO 51880 --- [           main] o.s.o.j.p.SpringPersistenceUnitInfo      : No LoadTimeWeaver setup: ignoring JPA class transformer
2024-01-26T18:50:38.691-03:00  INFO 51880 --- [           main] com.zaxxer.hikari.HikariDataSource       : HikariPool-1 - Starting...
2024-01-26T18:50:39.270-03:00  INFO 51880 --- [           main] com.zaxxer.hikari.pool.HikariPool        : HikariPool-1 - Added connection com.mysql.cj.jdbc.ConnectionImpl@4b9f7edc
2024-01-26T18:50:39.277-03:00  INFO 51880 --- [           main] com.zaxxer.hikari.HikariDataSource       : HikariPool-1 - Start completed.
2024-01-26T18:50:40.763-03:00  INFO 51880 --- [           main] o.h.e.t.j.p.i.JtaPlatformInitiator       : HHH000489: No JTA platform available (set 'hibernate.transaction.jta.platform' to enable JTA platform integration)
2024-01-26T18:50:40.953-03:00  INFO 51880 --- [           main] j.LocalContainerEntityManagerFactoryBean : Initialized JPA EntityManagerFactory for persistence unit 'default'
2024-01-26T18:50:43.014-03:00  INFO 51880 --- [           main] c.M.MonitorandoBackendApplicationTests   : Started MonitorandoBackendApplicationTests in 8.801 seconds (process running for 10.715)
Hibernate: select d1_0.id,d1_0.nome,p1_0.disciplina_id_fk,p1_1.id,p1_1.data_nascimento,p1_1.email,p1_1.nome,p1_1.prof_descricao,p1_1.senha,p1_1.telefone,p1_1.tipo_usuario from disciplinas d1_0 left join professor_disciplina p1_0 on d1_0.id=p1_0.disciplina_id_fk left join professores p1_1 on p1_1.id=p1_0.professor_id_fk where d1_0.id=?
Hibernate: select d1_0.professor_id_fk,d1_1.id,d1_1.nome from professor_disciplina d1_0 join disciplinas d1_1 on d1_1.id=d1_0.disciplina_id_fk where d1_0.professor_id_fk=?
Hibernate: select p1_0.id,p1_0.data_nascimento,d1_0.professor_id_fk,d1_1.id,d1_1.nome,p1_0.email,p1_0.nome,p1_0.prof_descricao,p1_0.senha,p1_0.telefone,p1_0.tipo_usuario from professores p1_0 left join professor_disciplina d1_0 on p1_0.id=d1_0.professor_id_fk left join disciplinas d1_1 on d1_1.id=d1_0.disciplina_id_fk where p1_0.id=?
Hibernate: select p1_0.disciplina_id_fk,p1_1.id,p1_1.data_nascimento,p1_1.email,p1_1.nome,p1_1.prof_descricao,p1_1.senha,p1_1.telefone,p1_1.tipo_usuario from professor_disciplina p1_0 join professores p1_1 on p1_1.id=p1_0.professor_id_fk where p1_0.disciplina_id_fk=?
Hibernate: update professores set data_nascimento=?,email=?,nome=?,prof_descricao=?,senha=?,telefone=?,tipo_usuario=? where id=?
Hibernate: select t1_0.id,a1_0.turma_id_fk,a1_1.id,a1_1.data_nascimento,a1_1.email,a1_1.nome,a1_1.senha,a1_1.telefone,a1_1.tipo_usuario,t1_0.data_da_aula,t1_0.materia_turma,p1_0.id,p1_0.data_nascimento,d1_0.professor_id_fk,d1_1.id,d1_1.nome,p1_0.email,p1_0.nome,p1_0.prof_descricao,p1_0.senha,p1_0.telefone,p1_0.tipo_usuario,t1_0.tipo_turma from turmas t1_0 left join aluno_turma a1_0 on t1_0.id=a1_0.turma_id_fk left join alunos a1_1 on a1_1.id=a1_0.aluno_id_fk left join professores p1_0 on p1_0.id=t1_0.professor_id_fk left join professor_disciplina d1_0 on p1_0.id=d1_0.professor_id_fk left join disciplinas d1_1 on d1_1.id=d1_0.disciplina_id_fk where t1_0.id=?
Hibernate: select p1_0.disciplina_id_fk,p1_1.id,p1_1.data_nascimento,p1_1.email,p1_1.nome,p1_1.prof_descricao,p1_1.senha,p1_1.telefone,p1_1.tipo_usuario from professor_disciplina p1_0 join professores p1_1 on p1_1.id=p1_0.professor_id_fk where p1_0.disciplina_id_fk=?
Hibernate: select t1_0.aluno_id_fk,t1_1.id,t1_1.data_da_aula,t1_1.materia_turma,p1_0.id,p1_0.data_nascimento,d1_0.professor_id_fk,d1_1.id,d1_1.nome,p1_0.email,p1_0.nome,p1_0.prof_descricao,p1_0.senha,p1_0.telefone,p1_0.tipo_usuario,t1_1.tipo_turma from aluno_turma t1_0 join turmas t1_1 on t1_1.id=t1_0.turma_id_fk left join professores p1_0 on p1_0.id=t1_1.professor_id_fk left join professor_disciplina d1_0 on p1_0.id=d1_0.professor_id_fk left join disciplinas d1_1 on d1_1.id=d1_0.disciplina_id_fk where t1_0.aluno_id_fk=?
Hibernate: update turmas set data_da_aula=?,materia_turma=?,professor_id_fk=?,tipo_turma=? where id=?
Hibernate: select a1_0.id,a1_0.data_nascimento,a1_0.email,a1_0.nome,a1_0.senha,a1_0.telefone,a1_0.tipo_usuario,t1_0.aluno_id_fk,t1_1.id,t1_1.data_da_aula,t1_1.materia_turma,p1_0.id,p1_0.data_nascimento,p1_0.email,p1_0.nome,p1_0.prof_descricao,p1_0.senha,p1_0.telefone,p1_0.tipo_usuario,t1_1.tipo_turma from alunos a1_0 left join aluno_turma t1_0 on a1_0.id=t1_0.aluno_id_fk left join turmas t1_1 on t1_1.id=t1_0.turma_id_fk left join professores p1_0 on p1_0.id=t1_1.professor_id_fk where a1_0.id=?
Hibernate: select d1_0.professor_id_fk,d1_1.id,d1_1.nome from professor_disciplina d1_0 join disciplinas d1_1 on d1_1.id=d1_0.disciplina_id_fk where d1_0.professor_id_fk=?
Hibernate: select p1_0.disciplina_id_fk,p1_1.id,p1_1.data_nascimento,p1_1.email,p1_1.nome,p1_1.prof_descricao,p1_1.senha,p1_1.telefone,p1_1.tipo_usuario from professor_disciplina p1_0 join professores p1_1 on p1_1.id=p1_0.professor_id_fk where p1_0.disciplina_id_fk=?
Hibernate: select a1_0.turma_id_fk,a1_1.id,a1_1.data_nascimento,a1_1.email,a1_1.nome,a1_1.senha,a1_1.telefone,a1_1.tipo_usuario from aluno_turma a1_0 join alunos a1_1 on a1_1.id=a1_0.aluno_id_fk where a1_0.turma_id_fk=?
Hibernate: update alunos set data_nascimento=?,email=?,nome=?,senha=?,telefone=?,tipo_usuario=? where id=?
Hibernate: select d1_0.id,d1_0.nome,p1_0.disciplina_id_fk,p1_1.id,p1_1.data_nascimento,p1_1.email,p1_1.nome,p1_1.prof_descricao,p1_1.senha,p1_1.telefone,p1_1.tipo_usuario from disciplinas d1_0 left join professor_disciplina p1_0 on d1_0.id=p1_0.disciplina_id_fk left join professores p1_1 on p1_1.id=p1_0.professor_id_fk where d1_0.id=?
Hibernate: select d1_0.professor_id_fk,d1_1.id,d1_1.nome from professor_disciplina d1_0 join disciplinas d1_1 on d1_1.id=d1_0.disciplina_id_fk where d1_0.professor_id_fk=?
Hibernate: select p1_0.id,p1_0.data_nascimento,d1_0.professor_id_fk,d1_1.id,d1_1.nome,p1_0.email,p1_0.nome,p1_0.prof_descricao,p1_0.senha,p1_0.telefone,p1_0.tipo_usuario from professores p1_0 left join professor_disciplina d1_0 on p1_0.id=d1_0.professor_id_fk left join disciplinas d1_1 on d1_1.id=d1_0.disciplina_id_fk where p1_0.id=?
Hibernate: select p1_0.disciplina_id_fk,p1_1.id,p1_1.data_nascimento,p1_1.email,p1_1.nome,p1_1.prof_descricao,p1_1.senha,p1_1.telefone,p1_1.tipo_usuario from professor_disciplina p1_0 join professores p1_1 on p1_1.id=p1_0.professor_id_fk where p1_0.disciplina_id_fk=?
Hibernate: update professores set data_nascimento=?,email=?,nome=?,prof_descricao=?,senha=?,telefone=?,tipo_usuario=? where id=?
Hibernate: select t1_0.id,a1_0.turma_id_fk,a1_1.id,a1_1.data_nascimento,a1_1.email,a1_1.nome,a1_1.senha,a1_1.telefone,a1_1.tipo_usuario,t1_0.data_da_aula,t1_0.materia_turma,p1_0.id,p1_0.data_nascimento,d1_0.professor_id_fk,d1_1.id,d1_1.nome,p1_0.email,p1_0.nome,p1_0.prof_descricao,p1_0.senha,p1_0.telefone,p1_0.tipo_usuario,t1_0.tipo_turma from turmas t1_0 left join aluno_turma a1_0 on t1_0.id=a1_0.turma_id_fk left join alunos a1_1 on a1_1.id=a1_0.aluno_id_fk left join professores p1_0 on p1_0.id=t1_0.professor_id_fk left join professor_disciplina d1_0 on p1_0.id=d1_0.professor_id_fk left join disciplinas d1_1 on d1_1.id=d1_0.disciplina_id_fk where t1_0.id=?
Hibernate: select p1_0.disciplina_id_fk,p1_1.id,p1_1.data_nascimento,p1_1.email,p1_1.nome,p1_1.prof_descricao,p1_1.senha,p1_1.telefone,p1_1.tipo_usuario from professor_disciplina p1_0 join professores p1_1 on p1_1.id=p1_0.professor_id_fk where p1_0.disciplina_id_fk=?
Hibernate: select t1_0.aluno_id_fk,t1_1.id,t1_1.data_da_aula,t1_1.materia_turma,p1_0.id,p1_0.data_nascimento,d1_0.professor_id_fk,d1_1.id,d1_1.nome,p1_0.email,p1_0.nome,p1_0.prof_descricao,p1_0.senha,p1_0.telefone,p1_0.tipo_usuario,t1_1.tipo_turma from aluno_turma t1_0 join turmas t1_1 on t1_1.id=t1_0.turma_id_fk left join professores p1_0 on p1_0.id=t1_1.professor_id_fk left join professor_disciplina d1_0 on p1_0.id=d1_0.professor_id_fk left join disciplinas d1_1 on d1_1.id=d1_0.disciplina_id_fk where t1_0.aluno_id_fk=?
Hibernate: update turmas set data_da_aula=?,materia_turma=?,professor_id_fk=?,tipo_turma=? where id=?
Hibernate: select a1_0.id,a1_0.data_nascimento,a1_0.email,a1_0.nome,a1_0.senha,a1_0.telefone,a1_0.tipo_usuario,t1_0.aluno_id_fk,t1_1.id,t1_1.data_da_aula,t1_1.materia_turma,p1_0.id,p1_0.data_nascimento,p1_0.email,p1_0.nome,p1_0.prof_descricao,p1_0.senha,p1_0.telefone,p1_0.tipo_usuario,t1_1.tipo_turma from alunos a1_0 left join aluno_turma t1_0 on a1_0.id=t1_0.aluno_id_fk left join turmas t1_1 on t1_1.id=t1_0.turma_id_fk left join professores p1_0 on p1_0.id=t1_1.professor_id_fk where a1_0.id=?
Hibernate: select d1_0.professor_id_fk,d1_1.id,d1_1.nome from professor_disciplina d1_0 join disciplinas d1_1 on d1_1.id=d1_0.disciplina_id_fk where d1_0.professor_id_fk=?
Hibernate: select p1_0.disciplina_id_fk,p1_1.id,p1_1.data_nascimento,p1_1.email,p1_1.nome,p1_1.prof_descricao,p1_1.senha,p1_1.telefone,p1_1.tipo_usuario from professor_disciplina p1_0 join professores p1_1 on p1_1.id=p1_0.professor_id_fk where p1_0.disciplina_id_fk=?
Hibernate: select a1_0.turma_id_fk,a1_1.id,a1_1.data_nascimento,a1_1.email,a1_1.nome,a1_1.senha,a1_1.telefone,a1_1.tipo_usuario from aluno_turma a1_0 join alunos a1_1 on a1_1.id=a1_0.aluno_id_fk where a1_0.turma_id_fk=?
Hibernate: update alunos set data_nascimento=?,email=?,nome=?,senha=?,telefone=?,tipo_usuario=? where id=?
Hibernate: select d1_0.id,d1_0.nome,p1_0.disciplina_id_fk,p1_1.id,p1_1.data_nascimento,p1_1.email,p1_1.nome,p1_1.prof_descricao,p1_1.senha,p1_1.telefone,p1_1.tipo_usuario from disciplinas d1_0 left join professor_disciplina p1_0 on d1_0.id=p1_0.disciplina_id_fk left join professores p1_1 on p1_1.id=p1_0.professor_id_fk where d1_0.id=?
Hibernate: select d1_0.professor_id_fk,d1_1.id,d1_1.nome from professor_disciplina d1_0 join disciplinas d1_1 on d1_1.id=d1_0.disciplina_id_fk where d1_0.professor_id_fk=?
Hibernate: select p1_0.id,p1_0.data_nascimento,d1_0.professor_id_fk,d1_1.id,d1_1.nome,p1_0.email,p1_0.nome,p1_0.prof_descricao,p1_0.senha,p1_0.telefone,p1_0.tipo_usuario from professores p1_0 left join professor_disciplina d1_0 on p1_0.id=d1_0.professor_id_fk left join disciplinas d1_1 on d1_1.id=d1_0.disciplina_id_fk where p1_0.id=?
Hibernate: select p1_0.disciplina_id_fk,p1_1.id,p1_1.data_nascimento,p1_1.email,p1_1.nome,p1_1.prof_descricao,p1_1.senha,p1_1.telefone,p1_1.tipo_usuario from professor_disciplina p1_0 join professores p1_1 on p1_1.id=p1_0.professor_id_fk where p1_0.disciplina_id_fk=?
Hibernate: update professores set data_nascimento=?,email=?,nome=?,prof_descricao=?,senha=?,telefone=?,tipo_usuario=? where id=?
Hibernate: select t1_0.id,a1_0.turma_id_fk,a1_1.id,a1_1.data_nascimento,a1_1.email,a1_1.nome,a1_1.senha,a1_1.telefone,a1_1.tipo_usuario,t1_0.data_da_aula,t1_0.materia_turma,p1_0.id,p1_0.data_nascimento,d1_0.professor_id_fk,d1_1.id,d1_1.nome,p1_0.email,p1_0.nome,p1_0.prof_descricao,p1_0.senha,p1_0.telefone,p1_0.tipo_usuario,t1_0.tipo_turma from turmas t1_0 left join aluno_turma a1_0 on t1_0.id=a1_0.turma_id_fk left join alunos a1_1 on a1_1.id=a1_0.aluno_id_fk left join professores p1_0 on p1_0.id=t1_0.professor_id_fk left join professor_disciplina d1_0 on p1_0.id=d1_0.professor_id_fk left join disciplinas d1_1 on d1_1.id=d1_0.disciplina_id_fk where t1_0.id=?
Hibernate: select p1_0.disciplina_id_fk,p1_1.id,p1_1.data_nascimento,p1_1.email,p1_1.nome,p1_1.prof_descricao,p1_1.senha,p1_1.telefone,p1_1.tipo_usuario from professor_disciplina p1_0 join professores p1_1 on p1_1.id=p1_0.professor_id_fk where p1_0.disciplina_id_fk=?
Hibernate: select t1_0.aluno_id_fk,t1_1.id,t1_1.data_da_aula,t1_1.materia_turma,p1_0.id,p1_0.data_nascimento,d1_0.professor_id_fk,d1_1.id,d1_1.nome,p1_0.email,p1_0.nome,p1_0.prof_descricao,p1_0.senha,p1_0.telefone,p1_0.tipo_usuario,t1_1.tipo_turma from aluno_turma t1_0 join turmas t1_1 on t1_1.id=t1_0.turma_id_fk left join professores p1_0 on p1_0.id=t1_1.professor_id_fk left join professor_disciplina d1_0 on p1_0.id=d1_0.professor_id_fk left join disciplinas d1_1 on d1_1.id=d1_0.disciplina_id_fk where t1_0.aluno_id_fk=?
Hibernate: update turmas set data_da_aula=?,materia_turma=?,professor_id_fk=?,tipo_turma=? where id=?
Hibernate: select a1_0.id,a1_0.data_nascimento,a1_0.email,a1_0.nome,a1_0.senha,a1_0.telefone,a1_0.tipo_usuario,t1_0.aluno_id_fk,t1_1.id,t1_1.data_da_aula,t1_1.materia_turma,p1_0.id,p1_0.data_nascimento,p1_0.email,p1_0.nome,p1_0.prof_descricao,p1_0.senha,p1_0.telefone,p1_0.tipo_usuario,t1_1.tipo_turma from alunos a1_0 left join aluno_turma t1_0 on a1_0.id=t1_0.aluno_id_fk left join turmas t1_1 on t1_1.id=t1_0.turma_id_fk left join professores p1_0 on p1_0.id=t1_1.professor_id_fk where a1_0.id=?
Hibernate: select d1_0.professor_id_fk,d1_1.id,d1_1.nome from professor_disciplina d1_0 join disciplinas d1_1 on d1_1.id=d1_0.disciplina_id_fk where d1_0.professor_id_fk=?
Hibernate: select p1_0.disciplina_id_fk,p1_1.id,p1_1.data_nascimento,p1_1.email,p1_1.nome,p1_1.prof_descricao,p1_1.senha,p1_1.telefone,p1_1.tipo_usuario from professor_disciplina p1_0 join professores p1_1 on p1_1.id=p1_0.professor_id_fk where p1_0.disciplina_id_fk=?
Hibernate: select a1_0.turma_id_fk,a1_1.id,a1_1.data_nascimento,a1_1.email,a1_1.nome,a1_1.senha,a1_1.telefone,a1_1.tipo_usuario from aluno_turma a1_0 join alunos a1_1 on a1_1.id=a1_0.aluno_id_fk where a1_0.turma_id_fk=?
Hibernate: update alunos set data_nascimento=?,email=?,nome=?,senha=?,telefone=?,tipo_usuario=? where id=?
Hibernate: select d1_0.id,d1_0.nome,p1_0.disciplina_id_fk,p1_1.id,p1_1.data_nascimento,p1_1.email,p1_1.nome,p1_1.prof_descricao,p1_1.senha,p1_1.telefone,p1_1.tipo_usuario from disciplinas d1_0 left join professor_disciplina p1_0 on d1_0.id=p1_0.disciplina_id_fk left join professores p1_1 on p1_1.id=p1_0.professor_id_fk where d1_0.id=?
Hibernate: select d1_0.professor_id_fk,d1_1.id,d1_1.nome from professor_disciplina d1_0 join disciplinas d1_1 on d1_1.id=d1_0.disciplina_id_fk where d1_0.professor_id_fk=?
Hibernate: select p1_0.id,p1_0.data_nascimento,d1_0.professor_id_fk,d1_1.id,d1_1.nome,p1_0.email,p1_0.nome,p1_0.prof_descricao,p1_0.senha,p1_0.telefone,p1_0.tipo_usuario from professores p1_0 left join professor_disciplina d1_0 on p1_0.id=d1_0.professor_id_fk left join disciplinas d1_1 on d1_1.id=d1_0.disciplina_id_fk where p1_0.id=?
Hibernate: select p1_0.disciplina_id_fk,p1_1.id,p1_1.data_nascimento,p1_1.email,p1_1.nome,p1_1.prof_descricao,p1_1.senha,p1_1.telefone,p1_1.tipo_usuario from professor_disciplina p1_0 join professores p1_1 on p1_1.id=p1_0.professor_id_fk where p1_0.disciplina_id_fk=?
Hibernate: update professores set data_nascimento=?,email=?,nome=?,prof_descricao=?,senha=?,telefone=?,tipo_usuario=? where id=?
Hibernate: select t1_0.id,a1_0.turma_id_fk,a1_1.id,a1_1.data_nascimento,a1_1.email,a1_1.nome,a1_1.senha,a1_1.telefone,a1_1.tipo_usuario,t1_0.data_da_aula,t1_0.materia_turma,p1_0.id,p1_0.data_nascimento,d1_0.professor_id_fk,d1_1.id,d1_1.nome,p1_0.email,p1_0.nome,p1_0.prof_descricao,p1_0.senha,p1_0.telefone,p1_0.tipo_usuario,t1_0.tipo_turma from turmas t1_0 left join aluno_turma a1_0 on t1_0.id=a1_0.turma_id_fk left join alunos a1_1 on a1_1.id=a1_0.aluno_id_fk left join professores p1_0 on p1_0.id=t1_0.professor_id_fk left join professor_disciplina d1_0 on p1_0.id=d1_0.professor_id_fk left join disciplinas d1_1 on d1_1.id=d1_0.disciplina_id_fk where t1_0.id=?
Hibernate: select p1_0.disciplina_id_fk,p1_1.id,p1_1.data_nascimento,p1_1.email,p1_1.nome,p1_1.prof_descricao,p1_1.senha,p1_1.telefone,p1_1.tipo_usuario from professor_disciplina p1_0 join professores p1_1 on p1_1.id=p1_0.professor_id_fk where p1_0.disciplina_id_fk=?
Hibernate: select t1_0.aluno_id_fk,t1_1.id,t1_1.data_da_aula,t1_1.materia_turma,p1_0.id,p1_0.data_nascimento,d1_0.professor_id_fk,d1_1.id,d1_1.nome,p1_0.email,p1_0.nome,p1_0.prof_descricao,p1_0.senha,p1_0.telefone,p1_0.tipo_usuario,t1_1.tipo_turma from aluno_turma t1_0 join turmas t1_1 on t1_1.id=t1_0.turma_id_fk left join professores p1_0 on p1_0.id=t1_1.professor_id_fk left join professor_disciplina d1_0 on p1_0.id=d1_0.professor_id_fk left join disciplinas d1_1 on d1_1.id=d1_0.disciplina_id_fk where t1_0.aluno_id_fk=?
Hibernate: update turmas set data_da_aula=?,materia_turma=?,professor_id_fk=?,tipo_turma=? where id=?
Hibernate: select a1_0.id,a1_0.data_nascimento,a1_0.email,a1_0.nome,a1_0.senha,a1_0.telefone,a1_0.tipo_usuario,t1_0.aluno_id_fk,t1_1.id,t1_1.data_da_aula,t1_1.materia_turma,p1_0.id,p1_0.data_nascimento,p1_0.email,p1_0.nome,p1_0.prof_descricao,p1_0.senha,p1_0.telefone,p1_0.tipo_usuario,t1_1.tipo_turma from alunos a1_0 left join aluno_turma t1_0 on a1_0.id=t1_0.aluno_id_fk left join turmas t1_1 on t1_1.id=t1_0.turma_id_fk left join professores p1_0 on p1_0.id=t1_1.professor_id_fk where a1_0.id=?
Hibernate: select d1_0.professor_id_fk,d1_1.id,d1_1.nome from professor_disciplina d1_0 join disciplinas d1_1 on d1_1.id=d1_0.disciplina_id_fk where d1_0.professor_id_fk=?
Hibernate: select p1_0.disciplina_id_fk,p1_1.id,p1_1.data_nascimento,p1_1.email,p1_1.nome,p1_1.prof_descricao,p1_1.senha,p1_1.telefone,p1_1.tipo_usuario from professor_disciplina p1_0 join professores p1_1 on p1_1.id=p1_0.professor_id_fk where p1_0.disciplina_id_fk=?
Hibernate: select a1_0.turma_id_fk,a1_1.id,a1_1.data_nascimento,a1_1.email,a1_1.nome,a1_1.senha,a1_1.telefone,a1_1.tipo_usuario from aluno_turma a1_0 join alunos a1_1 on a1_1.id=a1_0.aluno_id_fk where a1_0.turma_id_fk=?
Hibernate: update alunos set data_nascimento=?,email=?,nome=?,senha=?,telefone=?,tipo_usuario=? where id=?
]]></system-out>
  </testcase>
</testsuite>